
Database             Time                 Version
-------------------- -------------------- ------------------------------
Start: ORCL          24-MAR-2020 11:39:23 Version 19.3.0.0.0

Creating synonyms for lib Utils components...
old   1: CREATE OR REPLACE SYNONYM L1_chr_arr FOR &lib..L1_chr_arr
new   1: CREATE OR REPLACE SYNONYM L1_chr_arr FOR lib.L1_chr_arr

Synonym created.

old   1: CREATE OR REPLACE SYNONYM L1_num_arr FOR &lib..L1_num_arr
new   1: CREATE OR REPLACE SYNONYM L1_num_arr FOR lib.L1_num_arr

Synonym created.

old   1: CREATE OR REPLACE SYNONYM chr_int_rec FOR &lib..chr_int_rec
new   1: CREATE OR REPLACE SYNONYM chr_int_rec FOR lib.chr_int_rec

Synonym created.

old   1: CREATE OR REPLACE SYNONYM chr_int_arr FOR &lib..chr_int_arr
new   1: CREATE OR REPLACE SYNONYM chr_int_arr FOR lib.chr_int_arr

Synonym created.

old   1: CREATE OR REPLACE SYNONYM Utils FOR &lib..Utils
new   1: CREATE OR REPLACE SYNONYM Utils FOR lib.Utils

Synonym created.

Creating synonyms for lib Timer_Set components...
old   1: CREATE OR REPLACE SYNONYM Timer_Set FOR &lib..Timer_Set
new   1: CREATE OR REPLACE SYNONYM Timer_Set FOR lib.Timer_Set

Synonym created.

Create Single- and Multi-Container Knapsack tables...
Table items

Table dropped.


Table created.

Table containers

Table dropped.


Table created.


Type dropped.


Type created.


Type created.


PL/SQL procedure successfully completed.


Package created.


Package body created.

No errors.

Package created.


Package body created.

No errors.

Package created.

No errors.

Package body created.

No errors.

'END:'||TO_CHAR(SYSDATE,'DD-MON-YY
----------------------------------
End: 24-MAR-2020 11:39:23

