
Database             Time                 Version
-------------------- -------------------- ------------------------------
Start: ORCL          04-APR-2020 14:44:11 Version 19.3.0.0.0

Point view at small tables and set small bind variables
  FROM small_categories
       *
ERROR at line 9:
ORA-00942: table or view does not exist



View dropped.

  FROM small_items
       *
ERROR at line 17:
ORA-00942: table or view does not exist



PL/SQL procedure successfully completed.

Positions for this problem (AL row gives team size)...

PO MIN_PLAYERS MAX_PLAYERS
-- ----------- -----------
AL          12          12
CB           2           3
CO           1           1
FW           1           3
GK           1           1
MF           3           5
WB           0           2

7 rows selected.

Elapsed: 00:00:00.02
Position statistics for this problem...
  FROM players
       *
ERROR at line 6:
ORA-00942: table or view does not exist


Elapsed: 00:00:00.00
Top ten solutions for direct recursive query
  FROM players
       *
ERROR at line 16:
ORA-00942: table or view does not exist


Elapsed: 00:00:00.00
User has no SELECT privilege on V$SESSION

PL/SQL procedure successfully completed.

Top ten solutions for query calling pipelined function...
  JOIN players p
       *
ERROR at line 27:
ORA-00942: table or view does not exist


Elapsed: 00:00:00.01
User has no SELECT privilege on V$SESSION

PL/SQL procedure successfully completed.


'END:'||TO_CHAR(SYSDATE,'DD-MON-YY
----------------------------------
End: 04-APR-2020 14:44:12

