
Database             Time                 Version
-------------------- -------------------- ------------------------------
Start: ORCL          24-MAR-2020 11:40:41 Version 19.3.0.0.0

Point view to arcs_brightkite

View created.

BPF Approximate Solution - SP_RSFONE
old   4: WHERE a.src = &SRC
new   4: WHERE a.src = 51944
old  14:    AND p.lev < &LEVMAX
new  14:    AND p.lev < 5

NODE                            LEV  MAXLEV  INTNOD  INTMAX PATH                                                                             LP
------------------------------ ---- ------- ------- ------- -------------------------------------------------------------------------------- --
..51944                           2       5       2       5 57077,51944
........58218                     5       5       5       5 57077,57969,58151,58195,58218
........58219                     5       5       5       5 57077,57969,58152,58205,58219
........58220                     5       5       5       5 57077,57969,58152,58205,58220
........58221                     5       5       5       5 57077,57969,58152,58205,58221
......58195                       4       5       5       5 57077,57969,58151,58195
......58196                       4       5       5       5 57077,57969,58151,58196
......58197                       4       5       5       5 57077,57969,58151,58197
......58198                       4       5       5       5 57077,57969,58151,58198
......58199                       4       5       5       5 57077,57969,58151,58199
......58201                       4       5       5       5 57077,57969,58151,58201
......58202                       4       5       5       5 57077,57969,58151,58202
......58203                       4       5       5       5 57077,57969,58151,58203
......58208                       4       5       5       5 57077,57969,58154,58208
......58209                       4       5       5       5 57077,57969,58154,58209
......58200                       4       5       5       5 57077,57969,58159,58200
......58210                       4       5       5       5 57077,57969,58160,58210
........58222                     5       5       5       5 57077,57969,58160,58210,58222
......58212                       4       5       5       5 57077,57969,58160,58212
......58211                       4       5       5       5 57077,57969,58160,58211
........58223                     5       5       5       5 57077,57969,58160,58212,58223
......58205                       4       5       5       5 57077,57969,58152,58205
......58207                       4       5       5       5 57077,57969,58152,58207
....58153                         3       5       5       5 57077,57969,58153
....58151                         3       5       5       5 57077,57969,58151
....58152                         3       5       5       5 57077,57969,58152
......58204                       4       5       5       5 57077,57969,58161,58204
......58206                       4       5       5       5 57077,57969,58161,58206
....58159                         3       5       5       5 57077,57969,58159
....58160                         3       5       5       5 57077,57969,58160
....58161                         3       5       5       5 57077,57969,58161
....58155                         3       5       5       5 57077,57970,58155
....58157                         3       5       5       5 57077,57970,58157
....58158                         3       5       5       5 57077,57970,58158
..57970                           2       5       5       5 57077,57970
....58154                         3       5       5       5 57077,57969,58154
....58156                         3       5       5       5 57077,57969,58156
..57971                           2       5       4       5 57077,57971
..57969                           2       5       5       5 57077,57969
..57973                           2       5       4       5 57077,57973
....58162                         3       5       4       5 57077,57972,58162
..57972                           2       5       5       5 57077,57972
57077                             1       5       5       5 57077
....58163                         3       5       3       5 57077,57974,58163
..57974                           2       5       4       5 57077,57974

45 rows selected.

Elapsed: 00:00:00.37
SQL_ID  7c8a850qd4sm3, child number 0
-------------------------------------
WITH paths (node, path, lev, rn) AS ( SELECT a.dst, To_Char(a.dst), 1,
1   FROM arcs_v a WHERE a.src = 51944  UNION ALL SELECT  a.dst,
p.path || ',' || a.dst,         p.lev + 1,         Row_Number () OVER
(PARTITION BY a.dst ORDER BY a.dst)   FROM paths p   JOIN arcs_v a
ON a.src = p.node  WHERE p.rn = 1    AND p.lev < 5 )  SEARCH DEPTH
FIRST BY node SET line_no CYCLE node SET lp TO '*' DEFAULT ' ' SELECT
/*+ gather_plan_statistics SP_RSFONE */        Substr (LPad ('.', 1 + 2
* (Max (lev) KEEP (DENSE_RANK FIRST ORDER BY lev) - 1), '.') || node,
2) node,        Max (lev) KEEP (DENSE_RANK FIRST ORDER BY lev) lev,
Max (Max (lev) KEEP (DENSE_RANK FIRST ORDER BY lev)) OVER () maxlev,
Max (lev) intnod,        Max (Max (lev)) OVER () intmax,
Max (path) KEEP (DENSE_RANK FIRST ORDER BY lev) path,        Max (lp)
KEEP (DENSE_RANK FIRST ORDER BY lev) lp   FROM paths  GROUP BY node
ORDER BY Max (line_no) KEEP (DENSE_RANK FIRST ORDER BY lev)
Plan hash value: 4268130090
-----------------------------------------------------------------------------------------------------------------------------------------------------
| Id  | Operation                                 | Name               | Starts | E-Rows | A-Rows |   A-Time   | Buffers |  OMem |  1Mem | Used-Mem |
-----------------------------------------------------------------------------------------------------------------------------------------------------
|   0 | SELECT STATEMENT                          |                    |      1 |        |     45 |00:00:00.32 |     870 |       |       |          |
|   1 |  WINDOW SORT                              |                    |      1 |  58652 |     45 |00:00:00.32 |     870 |  4096 |  4096 | 4096  (0)|
|   2 |   SORT GROUP BY                           |                    |      1 |  58652 |     45 |00:00:00.32 |     870 |   277K|   277K|  246K (0)|
|   3 |    VIEW                                   |                    |      1 |   7712K|    286 |00:00:00.32 |     870 |       |       |          |
|   4 |     UNION ALL (RECURSIVE WITH) DEPTH FIRST|                    |      1 |        |    286 |00:00:00.32 |     870 | 36864 | 36864 |32768  (0)|
|*  5 |      INDEX RANGE SCAN                     | ARCS_BRIGHTKITE_PK |      1 |      7 |      1 |00:00:00.01 |       3 |       |       |          |
|   6 |      WINDOW SORT                          |                    |      5 |   7712K|    285 |00:00:00.32 |     867 | 18432 | 18432 |16384  (0)|
|*  7 |       HASH JOIN                           |                    |      5 |   7712K|    285 |00:00:00.32 |     867 |    24M|  4946K|   34M (0)|
|   8 |        BUFFER SORT (REUSE)                |                    |      5 |        |   2140K|00:00:00.13 |     867 |    18M|  1593K|   16M (0)|
|   9 |         TABLE ACCESS FULL                 | ARCS_BRIGHTKITE    |      1 |    428K|    428K|00:00:00.01 |     867 |       |       |          |
|  10 |        RECURSIVE WITH PUMP                |                    |      5 |        |     58 |00:00:00.01 |       0 |       |       |          |
-----------------------------------------------------------------------------------------------------------------------------------------------------
Predicate Information (identified by operation id):
---------------------------------------------------
5 - access("SRC"=51944)
7 - access("SRC"="P"."NODE")

PL/SQL procedure successfully completed.

Elapsed: 00:00:00.12
BPF Exact solution - SP_RSFTWO
old   4:  WHERE a.src = &SRC
new   4:  WHERE a.src = 51944
old  14:    AND p.lev < &LEVMAX
new  14:    AND p.lev < 5
old  24: WHERE a.src = &SRC
new  24: WHERE a.src = 51944

NODE                            LEV  MAXLEV  INTNOD  INTMAX PATH                                                                             LP
------------------------------ ---- ------- ------- ------- -------------------------------------------------------------------------------- --
57077                             1       7       1       9 57077
..51944                           2       7       2       9 57077,51944
..57969                           2       7       2       9 57077,57969
....58151                         3       7       3       9 57077,57969,58151
......58195                       4       7       4       9 57077,57969,58151,58195
........58218                     5       7       5       9 57077,57969,58151,58195,58218
......58196                       4       7       4       9 57077,57969,58151,58196
......58197                       4       7       4       9 57077,57969,58151,58197
......58198                       4       7       4       9 57077,57969,58151,58198
......58199                       4       7       4       9 57077,57969,58151,58199
......58201                       4       7       4       9 57077,57969,58151,58201
......58202                       4       7       4       9 57077,57969,58151,58202
......58203                       4       7       4       9 57077,57969,58151,58203
....58152                         3       7       3       9 57077,57969,58152
......58205                       4       7       4       9 57077,57969,58152,58205
........58219                     5       7       5       9 57077,57969,58152,58205,58219
..........58224                   6       7       6       9 57077,57969,58152,58205,58219,58224
........58220                     5       7       5       9 57077,57969,58152,58205,58220
..........58226                   6       7       8       9 57077,57969,58152,58205,58220,58226
............58227                 7       7       8       9 57077,57969,58152,58205,58220,58225,58227
..........58225                   6       7       9       9 57077,57969,58152,58205,58220,58225
........58221                     5       7       5       9 57077,57969,58152,58205,58221
......58207                       4       7       4       9 57077,57969,58152,58207
....58153                         3       7       3       9 57077,57969,58153
....58154                         3       7       3       9 57077,57969,58154
......58208                       4       7       4       9 57077,57969,58154,58208
......58209                       4       7       4       9 57077,57969,58154,58209
....58156                         3       7       3       9 57077,57969,58156
....58159                         3       7       3       9 57077,57969,58159
......58200                       4       7       4       9 57077,57969,58159,58200
....58160                         3       7       3       9 57077,57969,58160
......58210                       4       7       4       9 57077,57969,58160,58210
........58222                     5       7       5       9 57077,57969,58160,58210,58222
......58211                       4       7       4       9 57077,57969,58160,58211
......58212                       4       7       4       9 57077,57969,58160,58212
........58223                     5       7       5       9 57077,57969,58160,58212,58223
....58161                         3       7       3       9 57077,57969,58161
......58204                       4       7       4       9 57077,57969,58161,58204
......58206                       4       7       4       9 57077,57969,58161,58206
..57970                           2       7       2       9 57077,57970
....58155                         3       7       3       9 57077,57970,58155
....58157                         3       7       3       9 57077,57970,58157
....58158                         3       7       3       9 57077,57970,58158
..57971                           2       7       2       9 57077,57971
..57972                           2       7       2       9 57077,57972
....58162                         3       7       3       9 57077,57972,58162
..57973                           2       7       2       9 57077,57973
..57974                           2       7       2       9 57077,57974
....58163                         3       7       3       9 57077,57974,58163

49 rows selected.

Elapsed: 00:00:01.19
SQL_ID  fvw93b0acuw5s, child number 0
-------------------------------------
WITH paths_0 (node, path, lev, rn) /* SP_RSFTWO */ AS ( SELECT a.dst,
To_Char(a.dst), 1, 1   FROM arcs_v a  WHERE a.src = 51944  UNION ALL
SELECT a.dst,        p.path || ',' || a.dst,        p.lev + 1,
Row_Number () OVER (PARTITION BY a.dst ORDER BY a.dst)   FROM paths_0 p
JOIN arcs_v a     ON a.src = p.node  WHERE p.rn = 1    AND p.lev < 5
) CYCLE node SET lp TO '*' DEFAULT ' ' , approx_best_paths AS ( SELECT
node,        Max (lev) KEEP (DENSE_RANK FIRST ORDER BY lev) lev   FROM
paths_0  GROUP BY node ), paths (node, path, lev, rn) AS ( SELECT
a.dst, To_Char(a.dst), 1, 1   FROM arcs_v a WHERE a.src = 51944  UNION
ALL SELECT a.dst,         p.path || ',' || a.dst,         p.lev + 1,
Row_Number () OVER (PARTITION BY a.dst ORDER BY a.dst)   FROM
paths p   JOIN arcs_v a     ON a.src = p.node   LEFT JOIN
approx_best_paths b     ON b.node = a.dst  WHERE p.rn = 1    AND p.lev
< Nvl (b.lev, 1000000) )  SEARCH DEPTH FIRST BY node SET line_no CYCLE
node SET lp TO '*' DEFAULT ' '
Plan hash value: 734777365
---------------------------------------------------------------------------------------------------------------------------------------------------------------
| Id  | Operation                                           | Name               | Starts | E-Rows | A-Rows |   A-Time   | Buffers |  OMem |  1Mem | Used-Mem |
---------------------------------------------------------------------------------------------------------------------------------------------------------------
|   0 | SELECT STATEMENT                                    |                    |      1 |        |     49 |00:00:01.14 |    1740 |       |       |          |
|   1 |  WINDOW SORT                                        |                    |      1 |  58652 |     49 |00:00:01.14 |    1740 |  4096 |  4096 | 4096  (0)|
|   2 |   SORT GROUP BY                                     |                    |      1 |  58652 |     49 |00:00:01.14 |    1740 |   312K|   312K|  277K (0)|
|   3 |    VIEW                                             |                    |      1 |    385K|     68 |00:00:01.14 |    1740 |       |       |          |
|   4 |     UNION ALL (RECURSIVE WITH) DEPTH FIRST          |                    |      1 |        |     68 |00:00:01.14 |    1740 |  9216 |  9216 | 8192  (0)|
|*  5 |      INDEX RANGE SCAN                               | ARCS_BRIGHTKITE_PK |      1 |      7 |      1 |00:00:00.01 |       3 |       |       |          |
|   6 |      WINDOW SORT                                    |                    |      8 |    385K|     67 |00:00:01.14 |    1737 |  4096 |  4096 | 4096  (0)|
|*  7 |       HASH JOIN                                     |                    |      8 |    385K|     67 |00:00:01.14 |    1737 |    25M|  4399K|   37M (0)|
|   8 |        BUFFER SORT (REUSE)                          |                    |      8 |        |   3425K|00:00:00.74 |    1737 |    18M|  1593K|   16M (0)|
|*  9 |         HASH JOIN RIGHT OUTER                       |                    |      1 |    428K|    428K|00:00:00.44 |    1737 |  1995K|  1995K| 2579K (0)|
|  10 |          VIEW                                       |                    |      1 |  58652 |     45 |00:00:00.33 |     870 |       |       |          |
|  11 |           SORT GROUP BY                             |                    |      1 |  58652 |     45 |00:00:00.33 |     870 |  6144 |  6144 | 6144  (0)|
|  12 |            VIEW                                     |                    |      1 |   7712K|    286 |00:00:10.44 |     870 |       |       |          |
|  13 |             UNION ALL (RECURSIVE WITH) BREADTH FIRST|                    |      1 |        |    286 |00:00:10.44 |     870 | 11264 | 11264 |10240  (0)|
|* 14 |              INDEX RANGE SCAN                       | ARCS_BRIGHTKITE_PK |      1 |      7 |      1 |00:00:00.01 |       3 |       |       |          |
|  15 |              WINDOW SORT                            |                    |      5 |   7712K|    285 |00:00:00.33 |     867 | 18432 | 18432 |16384  (0)|
|* 16 |               HASH JOIN                             |                    |      5 |   7712K|    285 |00:00:00.33 |     867 |    24M|  4946K|   34M (0)|
|  17 |                BUFFER SORT (REUSE)                  |                    |      5 |        |   2140K|00:00:00.14 |     867 |    18M|  1593K|   16M (0)|
|  18 |                 TABLE ACCESS FULL                   | ARCS_BRIGHTKITE    |      1 |    428K|    428K|00:00:00.01 |     867 |       |       |          |
|  19 |                RECURSIVE WITH PUMP                  |                    |      5 |        |     58 |00:00:00.01 |       0 |       |       |          |
|  20 |          TABLE ACCESS FULL                          | ARCS_BRIGHTKITE    |      1 |    428K|    428K|00:00:00.02 |     867 |       |       |          |
|  21 |        RECURSIVE WITH PUMP                          |                    |      8 |        |     52 |00:00:00.01 |       0 |       |       |          |
---------------------------------------------------------------------------------------------------------------------------------------------------------------
Predicate Information (identified by operation id):
---------------------------------------------------
5 - access("SRC"=51944)
7 - access("SRC"="P"."NODE")
filter("P"."LEV"<NVL("B"."LEV",1000000))
9 - access("B"."NODE"="DST")
14 - access("SRC"=51944)
16 - access("SRC"="P"."NODE")

PL/SQL procedure successfully completed.

Elapsed: 00:00:00.14
BPF Exact Solution - SP_GTTRSF_I - Insert approximate to GTT
old   5: WHERE a.src = &SRC
new   5: WHERE a.src = 51944
old  15:    AND p.lev < &LEVMAX
new  15:    AND p.lev < 5

45 rows created.

Elapsed: 00:00:00.35
SQL_ID  8d7tjrhmy3wqg, child number 0
-------------------------------------
INSERT INTO approx_min_levs WITH paths_0 (node, path, lev, rn) /*
SP_GTTRSF_I */ AS ( SELECT a.dst, To_Char(a.dst), 1, 1   FROM arcs_v a
WHERE a.src = 51944  UNION ALL SELECT  a.dst,         p.path || ',' ||
a.dst,         p.lev + 1,         Row_Number () OVER (PARTITION BY
a.dst ORDER BY a.dst)   FROM paths_0 p   JOIN arcs_v a     ON a.src =
p.node  WHERE p.rn = 1    AND p.lev < 5 ) CYCLE node SET lp TO '*'
DEFAULT ' ' SELECT  /*+ gather_plan_statistics */        node,
Max (lev) KEEP (DENSE_RANK FIRST ORDER BY lev) lev   FROM paths_0
GROUP BY node
Plan hash value: 3059335945
-------------------------------------------------------------------------------------------------------------------------------------------------------
| Id  | Operation                                   | Name               | Starts | E-Rows | A-Rows |   A-Time   | Buffers |  OMem |  1Mem | Used-Mem |
-------------------------------------------------------------------------------------------------------------------------------------------------------
|   0 | INSERT STATEMENT                            |                    |      1 |        |      0 |00:00:00.33 |     891 |       |       |          |
|   1 |  LOAD TABLE CONVENTIONAL                    | APPROX_MIN_LEVS    |      1 |        |      0 |00:00:00.33 |     891 |       |       |          |
|   2 |   SORT GROUP BY                             |                    |      1 |  58652 |     45 |00:00:00.33 |     870 |  6144 |  6144 | 6144  (0)|
|   3 |    VIEW                                     |                    |      1 |   7712K|    286 |00:00:10.25 |     870 |       |       |          |
|   4 |     UNION ALL (RECURSIVE WITH) BREADTH FIRST|                    |      1 |        |    286 |00:00:10.25 |     870 | 11264 | 11264 |10240  (0)|
|*  5 |      INDEX RANGE SCAN                       | ARCS_BRIGHTKITE_PK |      1 |      7 |      1 |00:00:00.01 |       3 |       |       |          |
|   6 |      WINDOW SORT                            |                    |      5 |   7712K|    285 |00:00:00.33 |     867 | 18432 | 18432 |16384  (0)|
|*  7 |       HASH JOIN                             |                    |      5 |   7712K|    285 |00:00:00.33 |     867 |    24M|  4946K|   34M (0)|
|   8 |        BUFFER SORT (REUSE)                  |                    |      5 |        |   2140K|00:00:00.13 |     867 |    18M|  1593K|   16M (0)|
|   9 |         TABLE ACCESS FULL                   | ARCS_BRIGHTKITE    |      1 |    428K|    428K|00:00:00.01 |     867 |       |       |          |
|  10 |        RECURSIVE WITH PUMP                  |                    |      5 |        |     58 |00:00:00.01 |       0 |       |       |          |
-------------------------------------------------------------------------------------------------------------------------------------------------------
Predicate Information (identified by operation id):
---------------------------------------------------
5 - access("SRC"=51944)
7 - access("SRC"="P"."NODE")

PL/SQL procedure successfully completed.

Elapsed: 00:00:00.11
BPF Exact solution - SP_GTTRSF_Q - Query
old   4: WHERE a.src = &SRC
new   4: WHERE a.src = 51944

NODE                            LEV  MAXLEV  INTNOD  INTMAX PATH                                                                             LP
------------------------------ ---- ------- ------- ------- -------------------------------------------------------------------------------- --
57077                             1       7       1       9 57077
..51944                           2       7       2       9 57077,51944
..57969                           2       7       2       9 57077,57969
....58151                         3       7       3       9 57077,57969,58151
......58195                       4       7       4       9 57077,57969,58151,58195
........58218                     5       7       5       9 57077,57969,58151,58195,58218
......58196                       4       7       4       9 57077,57969,58151,58196
......58197                       4       7       4       9 57077,57969,58151,58197
......58198                       4       7       4       9 57077,57969,58151,58198
......58199                       4       7       4       9 57077,57969,58151,58199
......58201                       4       7       4       9 57077,57969,58151,58201
......58202                       4       7       4       9 57077,57969,58151,58202
......58203                       4       7       4       9 57077,57969,58151,58203
....58152                         3       7       3       9 57077,57969,58152
......58205                       4       7       4       9 57077,57969,58152,58205
........58219                     5       7       5       9 57077,57969,58152,58205,58219
..........58224                   6       7       6       9 57077,57969,58152,58205,58219,58224
........58220                     5       7       5       9 57077,57969,58152,58205,58220
..........58226                   6       7       8       9 57077,57969,58152,58205,58220,58226
............58227                 7       7       8       9 57077,57969,58152,58205,58220,58225,58227
..........58225                   6       7       9       9 57077,57969,58152,58205,58220,58225
........58221                     5       7       5       9 57077,57969,58152,58205,58221
......58207                       4       7       4       9 57077,57969,58152,58207
....58153                         3       7       3       9 57077,57969,58153
....58154                         3       7       3       9 57077,57969,58154
......58208                       4       7       4       9 57077,57969,58154,58208
......58209                       4       7       4       9 57077,57969,58154,58209
....58156                         3       7       3       9 57077,57969,58156
....58159                         3       7       3       9 57077,57969,58159
......58200                       4       7       4       9 57077,57969,58159,58200
....58160                         3       7       3       9 57077,57969,58160
......58210                       4       7       4       9 57077,57969,58160,58210
........58222                     5       7       5       9 57077,57969,58160,58210,58222
......58211                       4       7       4       9 57077,57969,58160,58211
......58212                       4       7       4       9 57077,57969,58160,58212
........58223                     5       7       5       9 57077,57969,58160,58212,58223
....58161                         3       7       3       9 57077,57969,58161
......58204                       4       7       4       9 57077,57969,58161,58204
......58206                       4       7       4       9 57077,57969,58161,58206
..57970                           2       7       2       9 57077,57970
....58155                         3       7       3       9 57077,57970,58155
....58157                         3       7       3       9 57077,57970,58157
....58158                         3       7       3       9 57077,57970,58158
..57971                           2       7       2       9 57077,57971
..57972                           2       7       2       9 57077,57972
....58162                         3       7       3       9 57077,57972,58162
..57973                           2       7       2       9 57077,57973
..57974                           2       7       2       9 57077,57974
....58163                         3       7       3       9 57077,57974,58163

49 rows selected.

Elapsed: 00:00:00.04
SQL_ID  fjwn3d9f3j6nd, child number 0
-------------------------------------
WITH paths (node, path, lev, rn) AS /* SP_GTTRSF_Q */ ( SELECT a.dst,
To_Char(a.dst), 1, 1   FROM arcs_v a WHERE a.src = 51944  UNION ALL
SELECT a.dst,         p.path || ',' || a.dst,         p.lev + 1,
Row_Number () OVER (PARTITION BY a.dst ORDER BY a.dst)   FROM paths p
JOIN arcs_v a     ON a.src = p.node   LEFT JOIN approx_min_levs b
ON b.node = a.dst  WHERE p.rn = 1    AND p.lev < Nvl (b.lev, 1000000) )
SEARCH DEPTH FIRST BY node SET line_no CYCLE node SET lp TO '*'
DEFAULT ' ' SELECT /*+ gather_plan_statistics */        Substr (LPad
('.', 1 + 2 * (Max (lev) KEEP (DENSE_RANK FIRST ORDER BY lev) - 1),
'.') || node, 2) node,        Max (lev) KEEP (DENSE_RANK FIRST ORDER BY
lev) lev,        Max (Max (lev) KEEP (DENSE_RANK FIRST ORDER BY lev))
OVER () maxlev,        Max (lev) intnod,        Max (Max (lev)) OVER ()
intmax,        Max (path) KEEP (DENSE_RANK FIRST ORDER BY lev) path,
Max (lp) KEEP (DENSE_RANK FIRST ORDER BY lev) lp   FROM paths
GROUP BY node  ORDER
Plan hash value: 901360201
-----------------------------------------------------------------------------------------------------------------------------------------------------
| Id  | Operation                                 | Name               | Starts | E-Rows | A-Rows |   A-Time   | Buffers |  OMem |  1Mem | Used-Mem |
-----------------------------------------------------------------------------------------------------------------------------------------------------
|   0 | SELECT STATEMENT                          |                    |      1 |        |     49 |00:00:00.01 |     232 |       |       |          |
|   1 |  WINDOW SORT                              |                    |      1 |      8 |     49 |00:00:00.01 |     232 |  4096 |  4096 | 4096  (0)|
|   2 |   SORT GROUP BY                           |                    |      1 |      8 |     49 |00:00:00.01 |     232 |   312K|   312K|  277K (0)|
|   3 |    VIEW                                   |                    |      1 |      8 |     68 |00:00:00.01 |     232 |       |       |          |
|   4 |     UNION ALL (RECURSIVE WITH) DEPTH FIRST|                    |      1 |        |     68 |00:00:00.01 |     232 |  9216 |  9216 | 8192  (0)|
|*  5 |      INDEX RANGE SCAN                     | ARCS_BRIGHTKITE_PK |      1 |      7 |      1 |00:00:00.01 |       3 |       |       |          |
|   6 |      WINDOW SORT                          |                    |      8 |      1 |     67 |00:00:00.01 |     229 |  4096 |  4096 | 2048  (0)|
|*  7 |       FILTER                              |                    |      8 |        |     67 |00:00:00.01 |     229 |       |       |          |
|   8 |        NESTED LOOPS OUTER                 |                    |      8 |      1 |    194 |00:00:00.01 |     229 |       |       |          |
|   9 |         NESTED LOOPS                      |                    |      8 |      7 |    194 |00:00:00.01 |      35 |       |       |          |
|  10 |          RECURSIVE WITH PUMP              |                    |      8 |        |     52 |00:00:00.01 |       0 |       |       |          |
|* 11 |          INDEX RANGE SCAN                 | ARCS_BRIGHTKITE_PK |     52 |      7 |    194 |00:00:00.01 |      35 |       |       |          |
|  12 |         TABLE ACCESS BY INDEX ROWID       | APPROX_MIN_LEVS    |    194 |      1 |    183 |00:00:00.01 |     194 |       |       |          |
|* 13 |          INDEX UNIQUE SCAN                | APPROX_MIN_LEVS_U1 |    194 |      1 |    183 |00:00:00.01 |      11 |       |       |          |
-----------------------------------------------------------------------------------------------------------------------------------------------------
Predicate Information (identified by operation id):
---------------------------------------------------
5 - access("SRC"=51944)
7 - filter("P"."LEV"<NVL("B"."LEV",1000000))
11 - access("SRC"="P"."NODE")
13 - access("B"."NODE"="DST")
Note
-----
- dynamic statistics used: dynamic sampling (level=2)

PL/SQL procedure successfully completed.

Elapsed: 00:00:00.12

'END:'||TO_CHAR(SYSDATE,'DD-MON-YY
----------------------------------
End: 24-MAR-2020 11:40:43

