
Database             Time                 Version
-------------------- -------------------- ------------------------------
Start: ORCL          19-MAR-2020 15:36:33

Common tables creation
======================
Create table log_headers

Table created.

Insert the default log header

1 row created.


Grant succeeded.


Sequence created.

Create table log_lines

Table created.


Grant succeeded.


Sequence created.

Create type L1_chr_arr

Type created.

Create type L1_num_arr

Type created.

Packages creation
=================
Create package Utils

Package created.

No errors.

Package body created.

No errors.
Create package Timer_Set

Package created.

No errors.

Package body created.

No errors.

Grant succeeded.


Grant succeeded.


Grant succeeded.


'END:'||TO_CHAR(SYSDATE,'DD-MON-YY
----------------------------------
End: 19-MAR-2020 15:36:33

